<?xml version="1.0" encoding="UTF-8"?>
<!-- Generated by org.testng.reporters.JUnitXMLReporter -->
<testsuite ignored="6" hostname="cucumber" failures="0" tests="1" name="Default test" time="23.106" errors="0" timestamp="2024-02-21T10:00:22 EST">
  <testcase classname="com.salesforce.automation.scripts.ContactsModule" name="TC31" time="17.913"/>
  <testcase classname="com.salesforce.automation.scripts.ContactsModule" name="TC30" time="0.0">
    <ignored/>
  </testcase> <!-- TC30 -->
  <testcase classname="com.salesforce.automation.scripts.ContactsModule" name="TC25" time="0.0">
    <ignored/>
  </testcase> <!-- TC25 -->
  <testcase classname="com.salesforce.automation.scripts.ContactsModule" name="TC27" time="0.0">
    <ignored/>
  </testcase> <!-- TC27 -->
  <testcase classname="com.salesforce.automation.scripts.ContactsModule" name="TC28" time="0.0">
    <ignored/>
  </testcase> <!-- TC28 -->
  <testcase classname="com.salesforce.automation.scripts.ContactsModule" name="TC26" time="0.0">
    <ignored/>
  </testcase> <!-- TC26 -->
  <testcase classname="com.salesforce.automation.scripts.ContactsModule" name="TC29" time="0.0">
    <ignored/>
  </testcase> <!-- TC29 -->
</testsuite> <!-- Default test -->
